<?xml version="1.0" encoding="UTF-8" ?>
<testsuite tests="1" failures="0" name="com.bdd.runner.RunnerTest" time="31.416" errors="1" skipped="0">
  <properties>
[...]
</properties>
  <testcase classname="Ingresar Login" name="Loguearse a a aplicación de booking" time="31.416">
    <error message="An element could not be located on the page using the given search parameters.
For documentation on this error, please visit: https://www.selenium.dev/documentation/webdriver/troubleshooting/errors#no-such-element-exception
Build info: version: &apos;4.14.1&apos;, revision: &apos;03f8ede370&apos;
System info: os.name: &apos;Windows 11&apos;, os.arch: &apos;amd64&apos;, os.version: &apos;10.0&apos;, java.version: &apos;11.0.20&apos;
Driver info: io.appium.java_client.android.AndroidDriver
Command: [1482634b-7ff6-4eaa-8ecf-b2fa2b50ed5c, findElement {using=xpath, value=/hierarchy/android.widget.FrameLayout/android.widget.LinearLayout/android.widget.FrameLayout/android.view.ViewGroup/android.widget.FrameLayout[2]/android.widget.LinearLayout/android.widget.FrameLayout/android.widget.LinearLayout/android.widget.LinearLayout/android.widget.ScrollView/android.widget.LinearLayout/androidx.recyclerview.widget.RecyclerView/android.widget.Button[1]}]
Capabilities {appium:app: C:\rutaAPP\booking-com-32-9..., appium:appActivity: com.booking.startup.HomeAct..., appium:appPackage: com.booking, appium:automationName: uiautomator2, appium:databaseEnabled: false, appium:desired: {app: C:\rutaAPP\booking-com-32-9..., appActivity: com.booking.startup.HomeAct..., appPackage: com.booking, automationName: uiautomator2, deviceName: sdk_gphone64_x86_64, platformName: ANDROID, platformVersion: 12}, appium:deviceApiLevel: 31, appium:deviceManufacturer: Google, appium:deviceModel: sdk_gphone64_x86_64, appium:deviceName: emulator-5554, appium:deviceScreenDensity: 420, appium:deviceScreenSize: 1080x1920, appium:deviceUDID: emulator-5554, appium:javascriptEnabled: true, appium:locationContextEnabled: false, appium:networkConnectionEnabled: true, appium:pixelRatio: 2.625, appium:platformVersion: 12, appium:statBarHeight: 63, appium:takesScreenshot: true, appium:viewportRect: {height: 1731, left: 0, top: 63, width: 1080}, appium:warnings: {}, appium:webStorageEnabled: false, platformName: ANDROID}
Session ID: 1482634b-7ff6-4eaa-8ecf-b2fa2b50ed5c" type="org.openqa.selenium.NoSuchElementException">org.openqa.selenium.NoSuchElementException: An element could not be located on the page using the given search parameters.
For documentation on this error, please visit: https://www.selenium.dev/documentation/webdriver/troubleshooting/errors#no-such-element-exception
Build info: version: &apos;4.14.1&apos;, revision: &apos;03f8ede370&apos;
System info: os.name: &apos;Windows 11&apos;, os.arch: &apos;amd64&apos;, os.version: &apos;10.0&apos;, java.version: &apos;11.0.20&apos;
Driver info: io.appium.java_client.android.AndroidDriver
Command: [1482634b-7ff6-4eaa-8ecf-b2fa2b50ed5c, findElement {using=xpath, value=/hierarchy/android.widget.FrameLayout/android.widget.LinearLayout/android.widget.FrameLayout/android.view.ViewGroup/android.widget.FrameLayout[2]/android.widget.LinearLayout/android.widget.FrameLayout/android.widget.LinearLayout/android.widget.LinearLayout/android.widget.ScrollView/android.widget.LinearLayout/androidx.recyclerview.widget.RecyclerView/android.widget.Button[1]}]
Capabilities {appium:app: C:\rutaAPP\booking-com-32-9..., appium:appActivity: com.booking.startup.HomeAct..., appium:appPackage: com.booking, appium:automationName: uiautomator2, appium:databaseEnabled: false, appium:desired: {app: C:\rutaAPP\booking-com-32-9..., appActivity: com.booking.startup.HomeAct..., appPackage: com.booking, automationName: uiautomator2, deviceName: sdk_gphone64_x86_64, platformName: ANDROID, platformVersion: 12}, appium:deviceApiLevel: 31, appium:deviceManufacturer: Google, appium:deviceModel: sdk_gphone64_x86_64, appium:deviceName: emulator-5554, appium:deviceScreenDensity: 420, appium:deviceScreenSize: 1080x1920, appium:deviceUDID: emulator-5554, appium:javascriptEnabled: true, appium:locationContextEnabled: false, appium:networkConnectionEnabled: true, appium:pixelRatio: 2.625, appium:platformVersion: 12, appium:statBarHeight: 63, appium:takesScreenshot: true, appium:viewportRect: {height: 1731, left: 0, top: 63, width: 1080}, appium:warnings: {}, appium:webStorageEnabled: false, platformName: ANDROID}
Session ID: 1482634b-7ff6-4eaa-8ecf-b2fa2b50ed5c
	at java.base/jdk.internal.reflect.NativeConstructorAccessorImpl.newInstance0(Native Method)
	at java.base/jdk.internal.reflect.NativeConstructorAccessorImpl.newInstance(NativeConstructorAccessorImpl.java:62)
	at java.base/jdk.internal.reflect.DelegatingConstructorAccessorImpl.newInstance(DelegatingConstructorAccessorImpl.java:45)
	at java.base/java.lang.reflect.Constructor.newInstance(Constructor.java:490)
	at org.openqa.selenium.remote.codec.w3c.W3CHttpResponseCodec.createException(W3CHttpResponseCodec.java:200)
	at org.openqa.selenium.remote.codec.w3c.W3CHttpResponseCodec.decode(W3CHttpResponseCodec.java:133)
	at org.openqa.selenium.remote.codec.w3c.W3CHttpResponseCodec.decode(W3CHttpResponseCodec.java:52)
	at org.openqa.selenium.remote.HttpCommandExecutor.execute(HttpCommandExecutor.java:191)
	at io.appium.java_client.remote.AppiumCommandExecutor.execute(AppiumCommandExecutor.java:238)
	at org.openqa.selenium.remote.RemoteWebDriver.execute(RemoteWebDriver.java:602)
	at org.openqa.selenium.remote.ElementLocation$ElementFinder$2.findElement(ElementLocation.java:165)
	at org.openqa.selenium.remote.ElementLocation.findElement(ElementLocation.java:59)
	at org.openqa.selenium.remote.RemoteWebDriver.findElement(RemoteWebDriver.java:359)
	at org.openqa.selenium.remote.RemoteWebDriver.findElement(RemoteWebDriver.java:353)
	at com.bdd.view.BuscarHotelView.clickIngrearLogin(BuscarHotelView.java:55)
	at com.bdd.stepdefinition.BuscarHotelStepDefinition.doy_clic_a_ingresar_por_gmail(BuscarHotelStepDefinition.java:23)
	at ✽.doy clic a ingresar por gmail(file:///C:/Users/Usuario/Downloads/udemy/Example-Cucumber-Appium-Mobile/Example-Cucumber-Appium-Mobile/src/test/resources/BuscarHotel.feature:5)
</error>
  </testcase>
</testsuite>